<samlp:Response
    Destination="{{AssertionConsumerURL}}"
    ID="{{ResponseID}}"
    InResponseTo="{{AuthnRequestID}}" 
    IssueInstant="{{IssueInstant}}"
    Version="2.0" xmlns:saml="urn:oasis:names:tc:SAML:2.0:assertion"
    xmlns:samlp="urn:oasis:names:tc:SAML:2.0:protocol">
    <saml:Issuer Format="urn:oasis:names:tc:SAML:2.0:nameid-format:entity">{{Issuer}}</saml:Issuer>

    <samlp:Status><samlp:StatusCode Value="urn:oasis:names:tc:SAML:2.0:status:Success"/></samlp:Status>
    <saml:Assertion ID="{{AssertionID}}" IssueInstant="{{IssueInstant}}"
        Version="2.0" xmlns:xs="http://www.w3.org/2001/XMLSchema"
        xmlns:xsi="http://www.w3.org/2001/XMLSchema-instance">
        <saml:Issuer Format="urn:oasis:names:tc:SAML:2.0:nameid-format:entity">{{Issuer}}</saml:Issuer>
        <saml:Subject>
            <saml:NameID 
                Format="urn:oasis:names:tc:SAML:2.0:nameid-format:transient"
                NameQualifier="{{NameIDNameQualifier}}">
                    {{NameID}}
            </saml:NameID>
            <saml:SubjectConfirmation Method="urn:oasis:names:tc:SAML:2.0:cm:bearer">
                <saml:SubjectConfirmationData 
                    InResponseTo="{{AuthnRequestID}}"
                    NotOnOrAfter="{{NotOnOrAfter}}"
                    Recipient="{{AssertionConsumerURL}}" />
            </saml:SubjectConfirmation>
        </saml:Subject>
        <saml:Conditions 
            NotBefore="{{NotBefore}}" 
            NotOnOrAfter="{{NotOnOrAfter}}" >
            <saml:AudienceRestriction>
                <saml:Audience>{{AssertionConsumerURL}}</saml:Audience>
            </saml:AudienceRestriction>
        </saml:Conditions>
        <saml:AuthnStatement 
            AuthnInstant="{{AuthnIstant}}"
            SessionIndex="{{SessionIndex}}" >
            <saml:AuthnContext>
                <saml:AuthnContextClassRef>{{AuthnContextClassRef}}</saml:AuthnContextClassRef>
            </saml:AuthnContext>
        </saml:AuthnStatement>
        <saml:AttributeStatement>
            <saml:Attribute Name="spidCode" NameFormat="urn:oasis:names:tc:SAML:2.0:attrname-format:basic">
                <saml:AttributeValue xmlns:xs="http://www.w3.org/2001/XMLSchema"
                    xmlns:xsi="http://www.w3.org/2001/XMLSchema-instance" xsi:type="xs:string">{{AttributeSpidCode}}</saml:AttributeValue>
            </saml:Attribute>
            <saml:Attribute Name="name" NameFormat="urn:oasis:names:tc:SAML:2.0:attrname-format:basic">
                <saml:AttributeValue xmlns:xs="http://www.w3.org/2001/XMLSchema"
                    xmlns:xsi="http://www.w3.org/2001/XMLSchema-instance" xsi:type="xs:string">{{AttributeName}}</saml:AttributeValue>
            </saml:Attribute>
            <saml:Attribute Name="familyName" NameFormat="urn:oasis:names:tc:SAML:2.0:attrname-format:basic">
                <saml:AttributeValue xmlns:xs="http://www.w3.org/2001/XMLSchema"
                    xmlns:xsi="http://www.w3.org/2001/XMLSchema-instance" xsi:type="xs:string">{{AttributeFamilyName}}</saml:AttributeValue>
            </saml:Attribute>
            <saml:Attribute Name="placeOfBirth" NameFormat="urn:oasis:names:tc:SAML:2.0:attrname-format:basic">
                <saml:AttributeValue xmlns:xs="http://www.w3.org/2001/XMLSchema"
                    xmlns:xsi="http://www.w3.org/2001/XMLSchema-instance" xsi:type="xs:string">{{AttributePlaceOfBirth}}</saml:AttributeValue>
            </saml:Attribute>
            <saml:Attribute Name="countyOfBirth" NameFormat="urn:oasis:names:tc:SAML:2.0:attrname-format:basic">
                <saml:AttributeValue xmlns:xs="http://www.w3.org/2001/XMLSchema"
                    xmlns:xsi="http://www.w3.org/2001/XMLSchema-instance" xsi:type="xs:string">{{AttributeCountyOfBirth}}</saml:AttributeValue>
            </saml:Attribute>
            <saml:Attribute Name="dateOfBirth" NameFormat="urn:oasis:names:tc:SAML:2.0:attrname-format:basic">
                <saml:AttributeValue xmlns:xs="http://www.w3.org/2001/XMLSchema"
                    xmlns:xsi="http://www.w3.org/2001/XMLSchema-instance" xsi:type="xs:date">{{AttributeDateOfBirth}}</saml:AttributeValue>
            </saml:Attribute>
            <saml:Attribute Name="gender" NameFormat="urn:oasis:names:tc:SAML:2.0:attrname-format:basic">
                <saml:AttributeValue xmlns:xs="http://www.w3.org/2001/XMLSchema"
                    xmlns:xsi="http://www.w3.org/2001/XMLSchema-instance" xsi:type="xs:string">{{AttributeGender}}</saml:AttributeValue>
            </saml:Attribute>
            <saml:Attribute Name="fiscalNumber" NameFormat="urn:oasis:names:tc:SAML:2.0:attrname-format:basic">
                <saml:AttributeValue xmlns:xs="http://www.w3.org/2001/XMLSchema"
                    xmlns:xsi="http://www.w3.org/2001/XMLSchema-instance" xsi:type="xs:string">{{AttributeFiscalNumber}}</saml:AttributeValue>
            </saml:Attribute>
            <saml:Attribute Name="mobilePhone" NameFormat="urn:oasis:names:tc:SAML:2.0:attrname-format:basic">
                <saml:AttributeValue xmlns:xs="http://www.w3.org/2001/XMLSchema"
                    xmlns:xsi="http://www.w3.org/2001/XMLSchema-instance" xsi:type="xs:string">{{AttributeMobilePhone}}</saml:AttributeValue>
            </saml:Attribute>
            <saml:Attribute Name="email" NameFormat="urn:oasis:names:tc:SAML:2.0:attrname-format:basic">
                <saml:AttributeValue xmlns:xs="http://www.w3.org/2001/XMLSchema"
                    xmlns:xsi="http://www.w3.org/2001/XMLSchema-instance" xsi:type="xs:string">{{AttributeEmail}}</saml:AttributeValue>
            </saml:Attribute>
            <saml:Attribute Name="address" NameFormat="urn:oasis:names:tc:SAML:2.0:attrname-format:basic">
                <saml:AttributeValue xmlns:xs="http://www.w3.org/2001/XMLSchema"
                    xmlns:xsi="http://www.w3.org/2001/XMLSchema-instance" xsi:type="xs:string">{{AttributeAddress}}</saml:AttributeValue>
            </saml:Attribute>
        </saml:AttributeStatement>
    </saml:Assertion>
</samlp:Response>